<?xml version="1.0" encoding="UTF-8"?>
<!-- Generated by org.testng.reporters.JUnitXMLReporter -->
<testsuite ignored="0" hostname="DESKTOP-OT735S8" failures="1" tests="1" name="LoginTests" time="1.776" errors="0" timestamp="2025-12-06T20:17:51 MST">
  <testcase classname="tests.LoginTest" name="testLogin" time="0.005">
    <failure type="java.lang.NullPointerException" message="Cannot invoke &amp;quot;com.epam.healenium.SelfHealingDriver.get(String)&amp;quot; because &amp;quot;this.driver&amp;quot; is null">
      <![CDATA[java.lang.NullPointerException: Cannot invoke "com.epam.healenium.SelfHealingDriver.get(String)" because "this.driver" is null
at tests.LoginTest.testLogin(LoginTest.java:48)
at java.base/java.util.ArrayList.forEach(ArrayList.java:1596)
... Removed 25 stack frames]]>
    </failure>
  </testcase> <!-- testLogin -->
</testsuite> <!-- LoginTests -->
