<?xml version="1.0" encoding="UTF-8"?>
<testng-results ignored="0" total="2" passed="2" failed="0" skipped="0">
  <reporter-output>
  </reporter-output>
  <suite started-at="2025-12-07T10:53:23 UTC" name="ParallelSuite" finished-at="2025-12-07T10:53:47 UTC" duration-ms="24065">
    <groups>
    </groups>
    <test started-at="2025-12-07T10:53:23 UTC" name="ChromeTest" finished-at="2025-12-07T10:53:46 UTC" duration-ms="22807">
      <class name="tests.LoginTest">
        <test-method is-config="true" signature="setup(java.lang.String)[pri:0, instance:tests.LoginTest@41e36e46]" started-at="2025-12-07T10:53:23 UTC" name="setup" finished-at="2025-12-07T10:53:28 UTC" duration-ms="4924" status="PASS">
          <params>
            <param index="0">
              <value>
                <![CDATA[chrome]]>
              </value>
            </param>
          </params>
          <reporter-output>
          </reporter-output>
        </test-method> <!-- setup -->
        <test-method signature="testLogin()[pri:0, instance:tests.LoginTest@41e36e46]" started-at="2025-12-07T10:53:28 UTC" name="testLogin" finished-at="2025-12-07T10:53:46 UTC" duration-ms="17454" status="PASS">
          <reporter-output>
          </reporter-output>
        </test-method> <!-- testLogin -->
        <test-method is-config="true" signature="teardown()[pri:0, instance:tests.LoginTest@41e36e46]" started-at="2025-12-07T10:53:46 UTC" name="teardown" finished-at="2025-12-07T10:53:46 UTC" duration-ms="101" status="PASS">
          <reporter-output>
          </reporter-output>
        </test-method> <!-- teardown -->
      </class> <!-- tests.LoginTest -->
    </test> <!-- ChromeTest -->
    <test started-at="2025-12-07T10:53:23 UTC" name="EdgeTest" finished-at="2025-12-07T10:53:47 UTC" duration-ms="24064">
      <class name="tests.LoginTest">
        <test-method is-config="true" signature="setup(java.lang.String)[pri:0, instance:tests.LoginTest@123ef382]" started-at="2025-12-07T10:53:23 UTC" name="setup" finished-at="2025-12-07T10:53:28 UTC" duration-ms="4924" status="PASS">
          <params>
            <param index="0">
              <value>
                <![CDATA[edge]]>
              </value>
            </param>
          </params>
          <reporter-output>
          </reporter-output>
        </test-method> <!-- setup -->
        <test-method signature="testLogin()[pri:0, instance:tests.LoginTest@123ef382]" started-at="2025-12-07T10:53:28 UTC" name="testLogin" finished-at="2025-12-07T10:53:46 UTC" duration-ms="17729" status="PASS">
          <reporter-output>
          </reporter-output>
        </test-method> <!-- testLogin -->
        <test-method is-config="true" signature="teardown()[pri:0, instance:tests.LoginTest@123ef382]" started-at="2025-12-07T10:53:46 UTC" name="teardown" finished-at="2025-12-07T10:53:47 UTC" duration-ms="1094" status="PASS">
          <reporter-output>
          </reporter-output>
        </test-method> <!-- teardown -->
      </class> <!-- tests.LoginTest -->
    </test> <!-- EdgeTest -->
  </suite> <!-- ParallelSuite -->
</testng-results>
