<?xml version="1.0" encoding="UTF-8"?>
<testng-results ignored="0" total="1" passed="1" failed="0" skipped="0">
  <reporter-output>
  </reporter-output>
  <suite started-at="2025-12-06T20:26:49 MST" name="Default suite" finished-at="2025-12-06T20:26:56 MST" duration-ms="7296">
    <groups>
    </groups>
    <test started-at="2025-12-06T20:26:49 MST" name="Default test" finished-at="2025-12-06T20:26:56 MST" duration-ms="7296">
      <class name="tests.LoginTest">
        <test-method is-config="true" signature="setup()[pri:0, instance:tests.LoginTest@1757cd72]" started-at="2025-12-06T20:26:49 MST" name="setup" finished-at="2025-12-06T20:26:50 MST" duration-ms="1527" status="PASS">
          <reporter-output>
          </reporter-output>
        </test-method> <!-- setup -->
        <test-method signature="testLogin()[pri:0, instance:tests.LoginTest@1757cd72]" started-at="2025-12-06T20:26:50 MST" name="testLogin" finished-at="2025-12-06T20:26:56 MST" duration-ms="5224" status="PASS">
          <reporter-output>
          </reporter-output>
        </test-method> <!-- testLogin -->
        <test-method is-config="true" signature="teardown()[pri:0, instance:tests.LoginTest@1757cd72]" started-at="2025-12-06T20:26:56 MST" name="teardown" finished-at="2025-12-06T20:26:56 MST" duration-ms="486" status="PASS">
          <reporter-output>
          </reporter-output>
        </test-method> <!-- teardown -->
      </class> <!-- tests.LoginTest -->
    </test> <!-- Default test -->
  </suite> <!-- Default suite -->
</testng-results>
